0 info it worked if it ends with ok
1 verbose cli [ 'C:\\Program Files\\nodejs\\node.exe',
1 verbose cli   'C:\\ProgramData\\chocolatey\\lib\\npm\\tools\\node_modules\\npm\\bin\\npm-cli.js',
1 verbose cli   'run',
1 verbose cli   'dev' ]
2 info using npm@1.4.9
3 info using node@v8.1.3
4 verbose run-script [ 'predev', 'dev', 'postdev' ]
5 info predev hiking-blog@1.0.0
6 info dev hiking-blog@1.0.0
7 verbose unsafe-perm in lifecycle true
8 info hiking-blog@1.0.0 Failed to exec dev script
9 error hiking-blog@1.0.0 dev: `next`
9 error Exit status 1
10 error Failed at the hiking-blog@1.0.0 dev script.
10 error This is most likely a problem with the hiking-blog package,
10 error not with npm itself.
10 error Tell the author that this fails on your system:
10 error     next
10 error You can get their info via:
10 error     npm owner ls hiking-blog
10 error There is likely additional logging output above.
11 error System Windows_NT 6.1.7601
12 error command "C:\\Program Files\\nodejs\\node.exe" "C:\\ProgramData\\chocolatey\\lib\\npm\\tools\\node_modules\\npm\\bin\\npm-cli.js" "run" "dev"
13 error cwd C:\Users\boulanger\hiking-blog
14 error node -v v8.1.3
15 error npm -v 1.4.9
16 error code ELIFECYCLE
17 verbose exit [ 1, true ]
